 * Serving Flask app 'server'
 * Debug mode: on
[31m[1mWARNING: This is a development server. Do not use it in a production deployment. Use a production WSGI server instead.[0m
 * Running on http://127.0.0.1:5000
[33mPress CTRL+C to quit[0m
 * Restarting with stat
 * Debugger is active!
 * Debugger PIN: 121-772-788
Traceback (most recent call last):
  File "/Users/aldricparent/Documents/Spatial/ECSS/server.py", line 388, in <module>
    app.run(host='127.0.0.1', port=5000, debug=True)
  File "/Users/aldricparent/Documents/Spatial/ECSS/.venv/lib/python3.9/site-packages/flask/app.py", line 662, in run
    run_simple(t.cast(str, host), port, self, **options)
  File "/Users/aldricparent/Documents/Spatial/ECSS/.venv/lib/python3.9/site-packages/werkzeug/serving.py", line 1115, in run_simple
    run_with_reloader(
  File "/Users/aldricparent/Documents/Spatial/ECSS/.venv/lib/python3.9/site-packages/werkzeug/_reloader.py", line 459, in run_with_reloader
    ensure_echo_on()
  File "/Users/aldricparent/Documents/Spatial/ECSS/.venv/lib/python3.9/site-packages/werkzeug/_reloader.py", line 439, in ensure_echo_on
    termios.tcsetattr(sys.stdin, termios.TCSANOW, attributes)
termios.error: (4, 'Interrupted system call')
